{"level":"info","message":"Hello from accquisittions","service":"accquisitions-API"}
{"level":"info","message":"::1 - - [04/Oct/2025:04:59:49 +0000] \"GET / HTTP/1.1\" 200 25 \"-\" \"Mozilla/5.0 (Windows NT 10.0; Win64; x64) AppleWebKit/537.36 (KHTML, like Gecko) Chrome/141.0.0.0 Safari/537.36 Edg/141.0.0.0\"","service":"accquisitions-API"}
{"level":"info","message":"::1 - - [04/Oct/2025:04:59:49 +0000] \"GET /favicon.ico HTTP/1.1\" 404 150 \"-\" \"Mozilla/5.0 (Windows NT 10.0; Win64; x64) AppleWebKit/537.36 (KHTML, like Gecko) Chrome/141.0.0.0 Safari/537.36 Edg/141.0.0.0\"","service":"accquisitions-API"}
{"level":"info","message":"::1 - - [05/Oct/2025:04:57:03 +0000] \"POST / HTTP/1.1\" 404 140 \"-\" \"PostmanRuntime/7.45.0\"","service":"accquisitions-API"}
{"level":"info","message":"::1 - - [05/Oct/2025:04:57:11 +0000] \"POST / HTTP/1.1\" 404 140 \"-\" \"PostmanRuntime/7.45.0\"","service":"accquisitions-API"}
{"level":"info","message":"this is accquisittions API","service":"accquisitions-API"}
{"level":"info","message":"::1 - - [05/Oct/2025:04:57:21 +0000] \"GET /api HTTP/1.1\" 200 26 \"-\" \"PostmanRuntime/7.45.0\"","service":"accquisitions-API"}
{"level":"info","message":"::1 - - [05/Oct/2025:04:57:31 +0000] \"GET /api/auth HTTP/1.1\" 404 147 \"-\" \"PostmanRuntime/7.45.0\"","service":"accquisitions-API"}
{"level":"info","message":"::1 - - [05/Oct/2025:04:58:18 +0000] \"POST /api/auth HTTP/1.1\" 404 148 \"-\" \"PostmanRuntime/7.45.0\"","service":"accquisitions-API"}
{"level":"info","message":"::1 - - [05/Oct/2025:04:58:35 +0000] \"POST /api/auth/login HTTP/1.1\" 200 16 \"-\" \"PostmanRuntime/7.45.0\"","service":"accquisitions-API"}
{"level":"info","message":"::1 - - [05/Oct/2025:04:58:46 +0000] \"POST /api/auth/register HTTP/1.1\" 400 30 \"-\" \"PostmanRuntime/7.45.0\"","service":"accquisitions-API"}
{"level":"info","message":"::1 - - [05/Oct/2025:04:59:41 +0000] \"POST /api/auth/register HTTP/1.1\" 400 30 \"-\" \"PostmanRuntime/7.45.0\"","service":"accquisitions-API"}
{"level":"info","message":"::1 - - [05/Oct/2025:14:54:19 +0000] \"GET / HTTP/1.1\" 500 66 \"-\" \"PostmanRuntime/7.45.0\"","service":"accquisitions-API"}
{"level":"info","message":"::1 - - [05/Oct/2025:14:54:26 +0000] \"GET / HTTP/1.1\" 500 66 \"-\" \"PostmanRuntime/7.45.0\"","service":"accquisitions-API"}
{"level":"info","message":"::1 - - [05/Oct/2025:14:55:16 +0000] \"GET / HTTP/1.1\" 500 66 \"-\" \"PostmanRuntime/7.45.0\"","service":"accquisitions-API"}
{"level":"info","message":"::1 - - [05/Oct/2025:14:56:21 +0000] \"GET / HTTP/1.1\" 500 66 \"-\" \"PostmanRuntime/7.45.0\"","service":"accquisitions-API"}
{"level":"info","message":"::1 - - [05/Oct/2025:14:57:40 +0000] \"GET / HTTP/1.1\" 500 66 \"-\" \"PostmanRuntime/7.45.0\"","service":"accquisitions-API"}
{"level":"info","message":"::1 - - [05/Oct/2025:15:00:51 +0000] \"GET / HTTP/1.1\" 500 66 \"-\" \"PostmanRuntime/7.45.0\"","service":"accquisitions-API"}
{"level":"info","message":"::1 - - [05/Oct/2025:15:07:07 +0000] \"GET / HTTP/1.1\" 500 66 \"-\" \"PostmanRuntime/7.45.0\"","service":"accquisitions-API"}
{"ip":"::1","level":"warn","message":"Bot request blocked","path":"/","service":"accquisitions-API","userAgent":"PostmanRuntime/7.45.0"}
{"level":"info","message":"::1 - - [05/Oct/2025:15:07:37 +0000] \"GET / HTTP/1.1\" 403 67 \"-\" \"PostmanRuntime/7.45.0\"","service":"accquisitions-API"}
{"ip":"::1","level":"warn","message":"Bot request blocked","path":"/","service":"accquisitions-API","userAgent":"PostmanRuntime/7.45.0"}
{"level":"info","message":"::1 - - [05/Oct/2025:15:08:10 +0000] \"GET / HTTP/1.1\" 403 67 \"-\" \"PostmanRuntime/7.45.0\"","service":"accquisitions-API"}
{"ip":"::1","level":"warn","message":"Bot request blocked","path":"/","service":"accquisitions-API","userAgent":"PostmanRuntime/7.45.0"}
{"level":"info","message":"::1 - - [05/Oct/2025:15:08:20 +0000] \"GET / HTTP/1.1\" 403 67 \"-\" \"PostmanRuntime/7.45.0\"","service":"accquisitions-API"}
{"ip":"::1","level":"warn","message":"Bot request blocked","path":"/","service":"accquisitions-API","userAgent":"PostmanRuntime/7.45.0"}
{"level":"info","message":"::1 - - [05/Oct/2025:15:08:21 +0000] \"GET / HTTP/1.1\" 403 67 \"-\" \"PostmanRuntime/7.45.0\"","service":"accquisitions-API"}
{"ip":"::1","level":"warn","message":"Bot request blocked","path":"/","service":"accquisitions-API","userAgent":"PostmanRuntime/7.45.0"}
{"level":"info","message":"::1 - - [05/Oct/2025:15:08:23 +0000] \"GET / HTTP/1.1\" 403 67 \"-\" \"PostmanRuntime/7.45.0\"","service":"accquisitions-API"}
{"ip":"::1","level":"warn","message":"Bot request blocked","path":"/","service":"accquisitions-API","userAgent":"PostmanRuntime/7.45.0"}
{"level":"info","message":"::1 - - [05/Oct/2025:15:08:49 +0000] \"GET / HTTP/1.1\" 403 67 \"-\" \"PostmanRuntime/7.45.0\"","service":"accquisitions-API"}
{"ip":"::1","level":"warn","message":"Bot request blocked","path":"/","service":"accquisitions-API","userAgent":"PostmanRuntime/7.45.0"}
{"level":"info","message":"::1 - - [05/Oct/2025:15:09:22 +0000] \"GET / HTTP/1.1\" 403 67 \"-\" \"PostmanRuntime/7.45.0\"","service":"accquisitions-API"}
{"ip":"::1","level":"warn","message":"Bot request blocked","path":"/","service":"accquisitions-API","userAgent":"PostmanRuntime/7.45.0"}
{"level":"info","message":"::1 - - [05/Oct/2025:15:09:45 +0000] \"GET / HTTP/1.1\" 403 67 \"-\" \"PostmanRuntime/7.45.0\"","service":"accquisitions-API"}
{"ip":"::1","level":"warn","message":"Bot request blocked","path":"/","service":"accquisitions-API","userAgent":"PostmanRuntime/7.45.0"}
{"level":"info","message":"::1 - - [05/Oct/2025:15:10:31 +0000] \"GET / HTTP/1.1\" 403 67 \"-\" \"PostmanRuntime/7.45.0\"","service":"accquisitions-API"}
{"level":"info","message":"::1 - - [05/Oct/2025:15:10:48 +0000] \"GET / HTTP/1.1\" 500 66 \"-\" \"PostmanRuntime/7.45.0\"","service":"accquisitions-API"}
{"ip":"::1","level":"warn","message":"Bot request blocked","path":"/","service":"accquisitions-API","userAgent":"PostmanRuntime/7.45.0"}
{"level":"info","message":"::1 - - [05/Oct/2025:15:11:04 +0000] \"GET / HTTP/1.1\" 403 67 \"-\" \"PostmanRuntime/7.45.0\"","service":"accquisitions-API"}
{"ip":"::1","level":"warn","message":"Bot request blocked","path":"/","service":"accquisitions-API","userAgent":"PostmanRuntime/7.45.0"}
{"level":"info","message":"::1 - - [05/Oct/2025:15:30:27 +0000] \"GET / HTTP/1.1\" 403 67 \"-\" \"PostmanRuntime/7.45.0\"","service":"accquisitions-API"}
{"ip":"::1","level":"warn","message":"Bot request blocked","path":"/","service":"accquisitions-API","userAgent":"PostmanRuntime/7.45.0"}
{"level":"info","message":"::1 - - [05/Oct/2025:15:34:08 +0000] \"GET / HTTP/1.1\" 403 67 \"-\" \"PostmanRuntime/7.45.0\"","service":"accquisitions-API"}
{"ip":"::1","level":"warn","message":"Bot request blocked","path":"/","service":"accquisitions-API","userAgent":"PostmanRuntime/7.45.0"}
{"level":"info","message":"::1 - - [05/Oct/2025:15:34:58 +0000] \"GET / HTTP/1.1\" 403 67 \"-\" \"PostmanRuntime/7.45.0\"","service":"accquisitions-API"}
{"ip":"::1","level":"warn","message":"Bot request blocked","path":"/","service":"accquisitions-API","userAgent":"PostmanRuntime/7.45.0"}
{"level":"info","message":"::1 - - [05/Oct/2025:15:35:02 +0000] \"GET / HTTP/1.1\" 403 67 \"-\" \"PostmanRuntime/7.45.0\"","service":"accquisitions-API"}
{"ip":"::1","level":"warn","message":"Bot request blocked","path":"/","service":"accquisitions-API","userAgent":"PostmanRuntime/7.45.0"}
{"level":"info","message":"::1 - - [05/Oct/2025:15:35:05 +0000] \"GET / HTTP/1.1\" 403 67 \"-\" \"PostmanRuntime/7.45.0\"","service":"accquisitions-API"}
{"ip":"::1","level":"warn","message":"Bot request blocked","path":"/","service":"accquisitions-API","userAgent":"PostmanRuntime/7.45.0"}
{"level":"info","message":"::1 - - [05/Oct/2025:15:35:06 +0000] \"GET / HTTP/1.1\" 403 67 \"-\" \"PostmanRuntime/7.45.0\"","service":"accquisitions-API"}
{"ip":"::1","level":"warn","message":"Bot request blocked","path":"/","service":"accquisitions-API","userAgent":"PostmanRuntime/7.45.0"}
{"level":"info","message":"::1 - - [05/Oct/2025:15:35:07 +0000] \"GET / HTTP/1.1\" 403 67 \"-\" \"PostmanRuntime/7.45.0\"","service":"accquisitions-API"}
